<?xml version="1.0" encoding="UTF-8"?>
<coverage generated="1673293021886" clover="3.2.0">
  <project timestamp="1673293021886" name="All files">
    <metrics statements="34" coveredstatements="34" conditionals="10" coveredconditionals="10" methods="15" coveredmethods="15" elements="59" coveredelements="59" complexity="0" loc="34" ncloc="34" packages="2" files="4" classes="4"/>
    <package name="helpers">
      <metrics statements="31" coveredstatements="31" conditionals="10" coveredconditionals="10" methods="13" coveredmethods="13"/>
      <file name="accounts.js" path="/Users/cass/Estudos/Dev/ebx-api/src/helpers/accounts.js">
        <metrics statements="31" coveredstatements="31" conditionals="10" coveredconditionals="10" methods="13" coveredmethods="13"/>
        <line num="3" count="16" type="stmt"/>
        <line num="4" count="16" type="stmt"/>
        <line num="8" count="3" type="stmt"/>
        <line num="12" count="4" type="stmt"/>
        <line num="18" count="1" type="stmt"/>
        <line num="22" count="35" type="stmt"/>
        <line num="26" count="15" type="stmt"/>
        <line num="27" count="15" type="stmt"/>
        <line num="28" count="15" type="cond" truecount="2" falsecount="0"/>
        <line num="29" count="14" type="stmt"/>
        <line num="30" count="14" type="stmt"/>
        <line num="31" count="14" type="stmt"/>
        <line num="35" count="1" type="stmt"/>
        <line num="39" count="1" type="stmt"/>
        <line num="43" count="6" type="stmt"/>
        <line num="44" count="6" type="cond" truecount="2" falsecount="0"/>
        <line num="45" count="5" type="stmt"/>
        <line num="49" count="4" type="stmt"/>
        <line num="50" count="4" type="cond" truecount="2" falsecount="0"/>
        <line num="51" count="2" type="stmt"/>
        <line num="53" count="2" type="stmt"/>
        <line num="54" count="2" type="stmt"/>
        <line num="58" count="5" type="stmt"/>
        <line num="59" count="5" type="cond" truecount="2" falsecount="0"/>
        <line num="60" count="3" type="stmt"/>
        <line num="61" count="3" type="stmt"/>
        <line num="65" count="3" type="stmt"/>
        <line num="66" count="3" type="cond" truecount="2" falsecount="0"/>
        <line num="67" count="2" type="stmt"/>
        <line num="68" count="2" type="stmt"/>
        <line num="72" count="1" type="stmt"/>
      </file>
      <file name="index.js" path="/Users/cass/Estudos/Dev/ebx-api/src/helpers/index.js">
        <metrics statements="0" coveredstatements="0" conditionals="0" coveredconditionals="0" methods="0" coveredmethods="0"/>
      </file>
    </package>
    <package name="utils">
      <metrics statements="3" coveredstatements="3" conditionals="0" coveredconditionals="0" methods="2" coveredmethods="2"/>
      <file name="index.js" path="/Users/cass/Estudos/Dev/ebx-api/src/utils/index.js">
        <metrics statements="0" coveredstatements="0" conditionals="0" coveredconditionals="0" methods="0" coveredmethods="0"/>
      </file>
      <file name="routes.js" path="/Users/cass/Estudos/Dev/ebx-api/src/utils/routes.js">
        <metrics statements="3" coveredstatements="3" conditionals="0" coveredconditionals="0" methods="2" coveredmethods="2"/>
        <line num="1" count="1" type="stmt"/>
        <line num="2" count="2" type="stmt"/>
        <line num="3" count="3" type="stmt"/>
      </file>
    </package>
  </project>
</coverage>
