{"/Users/cass/Estudos/Dev/ebx-api/src/helpers/accounts.js": {"path":"/Users/cass/Estudos/Dev/ebx-api/src/helpers/accounts.js","statementMap":{"0":{"start":{"line":3,"column":4},"end":{"line":3,"column":17}},"1":{"start":{"line":4,"column":4},"end":{"line":4,"column":27}},"2":{"start":{"line":8,"column":4},"end":{"line":8,"column":26}},"3":{"start":{"line":12,"column":4},"end":{"line":12,"column":26}},"4":{"start":{"line":18,"column":4},"end":{"line":18,"column":23}},"5":{"start":{"line":22,"column":4},"end":{"line":22,"column":62}},"6":{"start":{"line":22,"column":43},"end":{"line":22,"column":60}},"7":{"start":{"line":26,"column":19},"end":{"line":26,"column":33}},"8":{"start":{"line":27,"column":28},"end":{"line":27,"column":52}},"9":{"start":{"line":28,"column":4},"end":{"line":28,"column":48}},"10":{"start":{"line":28,"column":25},"end":{"line":28,"column":48}},"11":{"start":{"line":29,"column":20},"end":{"line":29,"column":47}},"12":{"start":{"line":30,"column":4},"end":{"line":30,"column":32}},"13":{"start":{"line":31,"column":4},"end":{"line":31,"column":19}},"14":{"start":{"line":35,"column":4},"end":{"line":35,"column":23}},"15":{"start":{"line":39,"column":4},"end":{"line":39,"column":25}},"16":{"start":{"line":43,"column":20},"end":{"line":43,"column":44}},"17":{"start":{"line":44,"column":4},"end":{"line":44,"column":30}},"18":{"start":{"line":44,"column":18},"end":{"line":44,"column":30}},"19":{"start":{"line":45,"column":4},"end":{"line":45,"column":27}},"20":{"start":{"line":49,"column":20},"end":{"line":49,"column":44}},"21":{"start":{"line":50,"column":4},"end":{"line":52,"column":5}},"22":{"start":{"line":51,"column":6},"end":{"line":51,"column":53}},"23":{"start":{"line":53,"column":4},"end":{"line":53,"column":28}},"24":{"start":{"line":54,"column":4},"end":{"line":54,"column":19}},"25":{"start":{"line":58,"column":20},"end":{"line":58,"column":44}},"26":{"start":{"line":59,"column":4},"end":{"line":59,"column":30}},"27":{"start":{"line":59,"column":18},"end":{"line":59,"column":30}},"28":{"start":{"line":60,"column":4},"end":{"line":60,"column":33}},"29":{"start":{"line":61,"column":4},"end":{"line":61,"column":19}},"30":{"start":{"line":65,"column":26},"end":{"line":65,"column":54}},"31":{"start":{"line":66,"column":4},"end":{"line":66,"column":44}},"32":{"start":{"line":66,"column":32},"end":{"line":66,"column":44}},"33":{"start":{"line":67,"column":31},"end":{"line":67,"column":63}},"34":{"start":{"line":68,"column":4},"end":{"line":68,"column":49}},"35":{"start":{"line":72,"column":24},"end":{"line":72,"column":45}}},"fnMap":{"0":{"name":"(anonymous_0)","decl":{"start":{"line":2,"column":2},"end":{"line":2,"column":3}},"loc":{"start":{"line":2,"column":31},"end":{"line":5,"column":3}},"line":2},"1":{"name":"(anonymous_1)","decl":{"start":{"line":7,"column":2},"end":{"line":7,"column":3}},"loc":{"start":{"line":7,"column":18},"end":{"line":9,"column":3}},"line":7},"2":{"name":"(anonymous_2)","decl":{"start":{"line":11,"column":2},"end":{"line":11,"column":3}},"loc":{"start":{"line":11,"column":23},"end":{"line":13,"column":3}},"line":11},"3":{"name":"(anonymous_3)","decl":{"start":{"line":17,"column":2},"end":{"line":17,"column":3}},"loc":{"start":{"line":17,"column":16},"end":{"line":19,"column":3}},"line":17},"4":{"name":"(anonymous_4)","decl":{"start":{"line":21,"column":2},"end":{"line":21,"column":3}},"loc":{"start":{"line":21,"column":22},"end":{"line":23,"column":3}},"line":21},"5":{"name":"(anonymous_5)","decl":{"start":{"line":22,"column":30},"end":{"line":22,"column":31}},"loc":{"start":{"line":22,"column":43},"end":{"line":22,"column":60}},"line":22},"6":{"name":"(anonymous_6)","decl":{"start":{"line":25,"column":2},"end":{"line":25,"column":3}},"loc":{"start":{"line":25,"column":29},"end":{"line":32,"column":3}},"line":25},"7":{"name":"(anonymous_7)","decl":{"start":{"line":34,"column":2},"end":{"line":34,"column":3}},"loc":{"start":{"line":34,"column":18},"end":{"line":36,"column":3}},"line":34},"8":{"name":"(anonymous_8)","decl":{"start":{"line":38,"column":2},"end":{"line":38,"column":3}},"loc":{"start":{"line":38,"column":17},"end":{"line":40,"column":3}},"line":38},"9":{"name":"(anonymous_9)","decl":{"start":{"line":42,"column":2},"end":{"line":42,"column":3}},"loc":{"start":{"line":42,"column":28},"end":{"line":46,"column":3}},"line":42},"10":{"name":"(anonymous_10)","decl":{"start":{"line":48,"column":2},"end":{"line":48,"column":3}},"loc":{"start":{"line":48,"column":21},"end":{"line":55,"column":3}},"line":48},"11":{"name":"(anonymous_11)","decl":{"start":{"line":57,"column":2},"end":{"line":57,"column":3}},"loc":{"start":{"line":57,"column":22},"end":{"line":62,"column":3}},"line":57},"12":{"name":"(anonymous_12)","decl":{"start":{"line":64,"column":2},"end":{"line":64,"column":3}},"loc":{"start":{"line":64,"column":39},"end":{"line":69,"column":3}},"line":64}},"branchMap":{"0":{"loc":{"start":{"line":28,"column":4},"end":{"line":28,"column":48}},"type":"if","locations":[{"start":{"line":28,"column":4},"end":{"line":28,"column":48}},{"start":{},"end":{}}],"line":28},"1":{"loc":{"start":{"line":44,"column":4},"end":{"line":44,"column":30}},"type":"if","locations":[{"start":{"line":44,"column":4},"end":{"line":44,"column":30}},{"start":{},"end":{}}],"line":44},"2":{"loc":{"start":{"line":50,"column":4},"end":{"line":52,"column":5}},"type":"if","locations":[{"start":{"line":50,"column":4},"end":{"line":52,"column":5}},{"start":{},"end":{}}],"line":50},"3":{"loc":{"start":{"line":59,"column":4},"end":{"line":59,"column":30}},"type":"if","locations":[{"start":{"line":59,"column":4},"end":{"line":59,"column":30}},{"start":{},"end":{}}],"line":59},"4":{"loc":{"start":{"line":66,"column":4},"end":{"line":66,"column":44}},"type":"if","locations":[{"start":{"line":66,"column":4},"end":{"line":66,"column":44}},{"start":{},"end":{}}],"line":66}},"s":{"0":16,"1":16,"2":3,"3":4,"4":1,"5":35,"6":22,"7":15,"8":15,"9":15,"10":1,"11":14,"12":14,"13":14,"14":1,"15":1,"16":6,"17":6,"18":1,"19":5,"20":4,"21":4,"22":2,"23":2,"24":2,"25":5,"26":5,"27":2,"28":3,"29":3,"30":3,"31":3,"32":1,"33":2,"34":2,"35":1},"f":{"0":16,"1":3,"2":4,"3":1,"4":35,"5":22,"6":15,"7":1,"8":1,"9":6,"10":4,"11":5,"12":3},"b":{"0":[1,14],"1":[1,5],"2":[2,2],"3":[2,3],"4":[1,2]},"_coverageSchema":"1a1c01bbd47fc00a2c39e90264f33305004495a9","hash":"499e05568616968f348a474e54f8f52b2fe1d99e"}
,"/Users/cass/Estudos/Dev/ebx-api/src/helpers/index.js": {"path":"/Users/cass/Estudos/Dev/ebx-api/src/helpers/index.js","statementMap":{},"fnMap":{},"branchMap":{},"s":{},"f":{},"b":{},"_coverageSchema":"1a1c01bbd47fc00a2c39e90264f33305004495a9","hash":"ef22724a91e372e2618baee1c0a6b7a46c07c472"}
,"/Users/cass/Estudos/Dev/ebx-api/src/utils/index.js": {"path":"/Users/cass/Estudos/Dev/ebx-api/src/utils/index.js","statementMap":{},"fnMap":{},"branchMap":{},"s":{},"f":{},"b":{},"_coverageSchema":"1a1c01bbd47fc00a2c39e90264f33305004495a9","hash":"5182b7a81ace4ce375a47dbaab51050e94f9c139"}
,"/Users/cass/Estudos/Dev/ebx-api/src/utils/routes.js": {"path":"/Users/cass/Estudos/Dev/ebx-api/src/utils/routes.js","statementMap":{"0":{"start":{"line":1,"column":30},"end":{"line":5,"column":1}},"1":{"start":{"line":2,"column":2},"end":{"line":4,"column":5}},"2":{"start":{"line":3,"column":4},"end":{"line":3,"column":37}}},"fnMap":{"0":{"name":"(anonymous_0)","decl":{"start":{"line":1,"column":30},"end":{"line":1,"column":31}},"loc":{"start":{"line":1,"column":50},"end":{"line":5,"column":1}},"line":1},"1":{"name":"(anonymous_1)","decl":{"start":{"line":2,"column":17},"end":{"line":2,"column":18}},"loc":{"start":{"line":2,"column":51},"end":{"line":4,"column":3}},"line":2}},"branchMap":{},"s":{"0":1,"1":2,"2":3},"f":{"0":2,"1":3},"b":{},"_coverageSchema":"1a1c01bbd47fc00a2c39e90264f33305004495a9","hash":"75200a9f89205dfebb58ef3418003c25bda96e94"}
}
