{"/Users/cass/Estudos/Dev/ebx-api/src/controllers/defaultController.js": {"path":"/Users/cass/Estudos/Dev/ebx-api/src/controllers/defaultController.js","statementMap":{"0":{"start":{"line":1,"column":22},"end":{"line":3,"column":1}},"1":{"start":{"line":2,"column":2},"end":{"line":2,"column":42}}},"fnMap":{"0":{"name":"(anonymous_0)","decl":{"start":{"line":1,"column":22},"end":{"line":1,"column":23}},"loc":{"start":{"line":1,"column":34},"end":{"line":3,"column":1}},"line":1}},"branchMap":{},"s":{"0":3,"1":1},"f":{"0":1},"b":{},"_coverageSchema":"1a1c01bbd47fc00a2c39e90264f33305004495a9","hash":"18e93530c70bfaddedd63f55fbe40cb9ee20fa90"}
,"/Users/cass/Estudos/Dev/ebx-api/src/controllers/index.js": {"path":"/Users/cass/Estudos/Dev/ebx-api/src/controllers/index.js","statementMap":{},"fnMap":{},"branchMap":{},"s":{},"f":{},"b":{},"_coverageSchema":"1a1c01bbd47fc00a2c39e90264f33305004495a9","hash":"0e518348f8042f39d06a2061419e6f8b224c69c4"}
,"/Users/cass/Estudos/Dev/ebx-api/src/controllers/mainController.js": {"path":"/Users/cass/Estudos/Dev/ebx-api/src/controllers/mainController.js","statementMap":{"0":{"start":{"line":3,"column":26},"end":{"line":3,"column":49}},"1":{"start":{"line":5,"column":20},"end":{"line":7,"column":1}},"2":{"start":{"line":6,"column":2},"end":{"line":6,"column":51}},"3":{"start":{"line":9,"column":22},"end":{"line":12,"column":1}},"4":{"start":{"line":10,"column":2},"end":{"line":10,"column":34}},"5":{"start":{"line":11,"column":2},"end":{"line":11,"column":29}},"6":{"start":{"line":14,"column":21},"end":{"line":16,"column":1}},"7":{"start":{"line":15,"column":2},"end":{"line":15,"column":55}},"8":{"start":{"line":18,"column":19},"end":{"line":29,"column":1}},"9":{"start":{"line":19,"column":2},"end":{"line":28,"column":3}},"10":{"start":{"line":20,"column":4},"end":{"line":20,"column":88}},"11":{"start":{"line":20,"column":33},"end":{"line":20,"column":88}},"12":{"start":{"line":21,"column":15},"end":{"line":21,"column":35}},"13":{"start":{"line":22,"column":20},"end":{"line":22,"column":61}},"14":{"start":{"line":23,"column":4},"end":{"line":23,"column":57}},"15":{"start":{"line":23,"column":26},"end":{"line":23,"column":57}},"16":{"start":{"line":24,"column":4},"end":{"line":24,"column":34}},"17":{"start":{"line":26,"column":20},"end":{"line":26,"column":54}},"18":{"start":{"line":27,"column":4},"end":{"line":27,"column":34}},"19":{"start":{"line":31,"column":21},"end":{"line":44,"column":1}},"20":{"start":{"line":32,"column":2},"end":{"line":43,"column":3}},"21":{"start":{"line":35,"column":8},"end":{"line":35,"column":11}},"22":{"start":{"line":36,"column":4},"end":{"line":36,"column":91}},"23":{"start":{"line":36,"column":35},"end":{"line":36,"column":91}},"24":{"start":{"line":37,"column":4},"end":{"line":37,"column":81}},"25":{"start":{"line":37,"column":30},"end":{"line":37,"column":81}},"26":{"start":{"line":38,"column":20},"end":{"line":38,"column":64}},"27":{"start":{"line":39,"column":4},"end":{"line":39,"column":51}},"28":{"start":{"line":41,"column":20},"end":{"line":41,"column":54}},"29":{"start":{"line":42,"column":4},"end":{"line":42,"column":34}},"30":{"start":{"line":46,"column":22},"end":{"line":60,"column":1}},"31":{"start":{"line":47,"column":2},"end":{"line":59,"column":3}},"32":{"start":{"line":50,"column":8},"end":{"line":50,"column":11}},"33":{"start":{"line":51,"column":4},"end":{"line":51,"column":81}},"34":{"start":{"line":51,"column":30},"end":{"line":51,"column":81}},"35":{"start":{"line":52,"column":4},"end":{"line":52,"column":81}},"36":{"start":{"line":52,"column":30},"end":{"line":52,"column":81}},"37":{"start":{"line":53,"column":20},"end":{"line":53,"column":60}},"38":{"start":{"line":54,"column":4},"end":{"line":54,"column":49}},"39":{"start":{"line":54,"column":18},"end":{"line":54,"column":49}},"40":{"start":{"line":55,"column":4},"end":{"line":55,"column":46}},"41":{"start":{"line":57,"column":20},"end":{"line":57,"column":54}},"42":{"start":{"line":58,"column":4},"end":{"line":58,"column":34}},"43":{"start":{"line":62,"column":22},"end":{"line":78,"column":1}},"44":{"start":{"line":63,"column":2},"end":{"line":77,"column":3}},"45":{"start":{"line":66,"column":8},"end":{"line":66,"column":11}},"46":{"start":{"line":67,"column":4},"end":{"line":67,"column":81}},"47":{"start":{"line":67,"column":30},"end":{"line":67,"column":81}},"48":{"start":{"line":68,"column":4},"end":{"line":68,"column":81}},"49":{"start":{"line":68,"column":30},"end":{"line":68,"column":81}},"50":{"start":{"line":69,"column":4},"end":{"line":69,"column":91}},"51":{"start":{"line":69,"column":35},"end":{"line":69,"column":91}},"52":{"start":{"line":70,"column":27},"end":{"line":70,"column":80}},"53":{"start":{"line":71,"column":4},"end":{"line":71,"column":56}},"54":{"start":{"line":71,"column":25},"end":{"line":71,"column":56}},"55":{"start":{"line":72,"column":50},"end":{"line":72,"column":64}},"56":{"start":{"line":73,"column":4},"end":{"line":73,"column":85}},"57":{"start":{"line":75,"column":20},"end":{"line":75,"column":54}},"58":{"start":{"line":76,"column":4},"end":{"line":76,"column":34}},"59":{"start":{"line":80,"column":28},"end":{"line":101,"column":1}},"60":{"start":{"line":81,"column":2},"end":{"line":100,"column":3}},"61":{"start":{"line":84,"column":8},"end":{"line":84,"column":11}},"62":{"start":{"line":85,"column":4},"end":{"line":85,"column":64}},"63":{"start":{"line":85,"column":15},"end":{"line":85,"column":64}},"64":{"start":{"line":87,"column":25},"end":{"line":91,"column":5}},"65":{"start":{"line":93,"column":27},"end":{"line":93,"column":45}},"66":{"start":{"line":94,"column":4},"end":{"line":94,"column":74}},"67":{"start":{"line":94,"column":25},"end":{"line":94,"column":74}},"68":{"start":{"line":96,"column":4},"end":{"line":96,"column":29}},"69":{"start":{"line":98,"column":20},"end":{"line":98,"column":54}},"70":{"start":{"line":99,"column":4},"end":{"line":99,"column":34}}},"fnMap":{"0":{"name":"(anonymous_0)","decl":{"start":{"line":5,"column":20},"end":{"line":5,"column":21}},"loc":{"start":{"line":5,"column":32},"end":{"line":7,"column":1}},"line":5},"1":{"name":"(anonymous_1)","decl":{"start":{"line":9,"column":22},"end":{"line":9,"column":23}},"loc":{"start":{"line":9,"column":34},"end":{"line":12,"column":1}},"line":9},"2":{"name":"(anonymous_2)","decl":{"start":{"line":14,"column":21},"end":{"line":14,"column":22}},"loc":{"start":{"line":14,"column":33},"end":{"line":16,"column":1}},"line":14},"3":{"name":"(anonymous_3)","decl":{"start":{"line":18,"column":19},"end":{"line":18,"column":20}},"loc":{"start":{"line":18,"column":33},"end":{"line":29,"column":1}},"line":18},"4":{"name":"(anonymous_4)","decl":{"start":{"line":31,"column":21},"end":{"line":31,"column":22}},"loc":{"start":{"line":31,"column":35},"end":{"line":44,"column":1}},"line":31},"5":{"name":"(anonymous_5)","decl":{"start":{"line":46,"column":22},"end":{"line":46,"column":23}},"loc":{"start":{"line":46,"column":36},"end":{"line":60,"column":1}},"line":46},"6":{"name":"(anonymous_6)","decl":{"start":{"line":62,"column":22},"end":{"line":62,"column":23}},"loc":{"start":{"line":62,"column":36},"end":{"line":78,"column":1}},"line":62},"7":{"name":"(anonymous_7)","decl":{"start":{"line":80,"column":28},"end":{"line":80,"column":29}},"loc":{"start":{"line":80,"column":42},"end":{"line":101,"column":1}},"line":80}},"branchMap":{"0":{"loc":{"start":{"line":20,"column":4},"end":{"line":20,"column":88}},"type":"if","locations":[{"start":{"line":20,"column":4},"end":{"line":20,"column":88}},{"start":{},"end":{}}],"line":20},"1":{"loc":{"start":{"line":23,"column":4},"end":{"line":23,"column":57}},"type":"if","locations":[{"start":{"line":23,"column":4},"end":{"line":23,"column":57}},{"start":{},"end":{}}],"line":23},"2":{"loc":{"start":{"line":26,"column":20},"end":{"line":26,"column":54}},"type":"binary-expr","locations":[{"start":{"line":26,"column":20},"end":{"line":26,"column":33}},{"start":{"line":26,"column":37},"end":{"line":26,"column":54}}],"line":26},"3":{"loc":{"start":{"line":36,"column":4},"end":{"line":36,"column":91}},"type":"if","locations":[{"start":{"line":36,"column":4},"end":{"line":36,"column":91}},{"start":{},"end":{}}],"line":36},"4":{"loc":{"start":{"line":37,"column":4},"end":{"line":37,"column":81}},"type":"if","locations":[{"start":{"line":37,"column":4},"end":{"line":37,"column":81}},{"start":{},"end":{}}],"line":37},"5":{"loc":{"start":{"line":41,"column":20},"end":{"line":41,"column":54}},"type":"binary-expr","locations":[{"start":{"line":41,"column":20},"end":{"line":41,"column":33}},{"start":{"line":41,"column":37},"end":{"line":41,"column":54}}],"line":41},"6":{"loc":{"start":{"line":51,"column":4},"end":{"line":51,"column":81}},"type":"if","locations":[{"start":{"line":51,"column":4},"end":{"line":51,"column":81}},{"start":{},"end":{}}],"line":51},"7":{"loc":{"start":{"line":52,"column":4},"end":{"line":52,"column":81}},"type":"if","locations":[{"start":{"line":52,"column":4},"end":{"line":52,"column":81}},{"start":{},"end":{}}],"line":52},"8":{"loc":{"start":{"line":54,"column":4},"end":{"line":54,"column":49}},"type":"if","locations":[{"start":{"line":54,"column":4},"end":{"line":54,"column":49}},{"start":{},"end":{}}],"line":54},"9":{"loc":{"start":{"line":57,"column":20},"end":{"line":57,"column":54}},"type":"binary-expr","locations":[{"start":{"line":57,"column":20},"end":{"line":57,"column":33}},{"start":{"line":57,"column":37},"end":{"line":57,"column":54}}],"line":57},"10":{"loc":{"start":{"line":67,"column":4},"end":{"line":67,"column":81}},"type":"if","locations":[{"start":{"line":67,"column":4},"end":{"line":67,"column":81}},{"start":{},"end":{}}],"line":67},"11":{"loc":{"start":{"line":68,"column":4},"end":{"line":68,"column":81}},"type":"if","locations":[{"start":{"line":68,"column":4},"end":{"line":68,"column":81}},{"start":{},"end":{}}],"line":68},"12":{"loc":{"start":{"line":69,"column":4},"end":{"line":69,"column":91}},"type":"if","locations":[{"start":{"line":69,"column":4},"end":{"line":69,"column":91}},{"start":{},"end":{}}],"line":69},"13":{"loc":{"start":{"line":71,"column":4},"end":{"line":71,"column":56}},"type":"if","locations":[{"start":{"line":71,"column":4},"end":{"line":71,"column":56}},{"start":{},"end":{}}],"line":71},"14":{"loc":{"start":{"line":75,"column":20},"end":{"line":75,"column":54}},"type":"binary-expr","locations":[{"start":{"line":75,"column":20},"end":{"line":75,"column":33}},{"start":{"line":75,"column":37},"end":{"line":75,"column":54}}],"line":75},"15":{"loc":{"start":{"line":85,"column":4},"end":{"line":85,"column":64}},"type":"if","locations":[{"start":{"line":85,"column":4},"end":{"line":85,"column":64}},{"start":{},"end":{}}],"line":85},"16":{"loc":{"start":{"line":94,"column":4},"end":{"line":94,"column":74}},"type":"if","locations":[{"start":{"line":94,"column":4},"end":{"line":94,"column":74}},{"start":{},"end":{}}],"line":94},"17":{"loc":{"start":{"line":98,"column":20},"end":{"line":98,"column":54}},"type":"binary-expr","locations":[{"start":{"line":98,"column":20},"end":{"line":98,"column":33}},{"start":{"line":98,"column":37},"end":{"line":98,"column":54}}],"line":98}},"s":{"0":3,"1":3,"2":1,"3":3,"4":3,"5":3,"6":3,"7":2,"8":3,"9":5,"10":5,"11":1,"12":4,"13":4,"14":3,"15":2,"16":1,"17":1,"18":1,"19":3,"20":6,"21":6,"22":6,"23":1,"24":5,"25":1,"26":4,"27":2,"28":2,"29":2,"30":3,"31":6,"32":6,"33":6,"34":1,"35":5,"36":1,"37":4,"38":3,"39":2,"40":1,"41":1,"42":1,"43":3,"44":7,"45":7,"46":7,"47":1,"48":6,"49":1,"50":5,"51":1,"52":4,"53":3,"54":2,"55":1,"56":1,"57":1,"58":1,"59":3,"60":3,"61":3,"62":3,"63":1,"64":2,"65":2,"66":2,"67":1,"68":1,"69":0,"70":0},"f":{"0":1,"1":3,"2":2,"3":5,"4":6,"5":6,"6":7,"7":3},"b":{"0":[1,4],"1":[2,1],"2":[1,1],"3":[1,5],"4":[1,4],"5":[2,2],"6":[1,5],"7":[1,4],"8":[2,1],"9":[1,1],"10":[1,6],"11":[1,5],"12":[1,4],"13":[2,1],"14":[1,1],"15":[1,2],"16":[1,1],"17":[0,0]},"_coverageSchema":"1a1c01bbd47fc00a2c39e90264f33305004495a9","hash":"f1b23f3cb23cd6718099ced0aaeeb14324644965"}
,"/Users/cass/Estudos/Dev/ebx-api/src/helpers/accounts.js": {"path":"/Users/cass/Estudos/Dev/ebx-api/src/helpers/accounts.js","statementMap":{"0":{"start":{"line":3,"column":4},"end":{"line":3,"column":17}},"1":{"start":{"line":4,"column":4},"end":{"line":4,"column":27}},"2":{"start":{"line":8,"column":4},"end":{"line":8,"column":26}},"3":{"start":{"line":12,"column":4},"end":{"line":12,"column":26}},"4":{"start":{"line":18,"column":4},"end":{"line":18,"column":23}},"5":{"start":{"line":22,"column":4},"end":{"line":22,"column":62}},"6":{"start":{"line":22,"column":43},"end":{"line":22,"column":60}},"7":{"start":{"line":26,"column":19},"end":{"line":26,"column":33}},"8":{"start":{"line":27,"column":28},"end":{"line":27,"column":52}},"9":{"start":{"line":28,"column":4},"end":{"line":28,"column":48}},"10":{"start":{"line":28,"column":25},"end":{"line":28,"column":48}},"11":{"start":{"line":29,"column":20},"end":{"line":29,"column":47}},"12":{"start":{"line":30,"column":4},"end":{"line":30,"column":32}},"13":{"start":{"line":31,"column":4},"end":{"line":31,"column":19}},"14":{"start":{"line":35,"column":4},"end":{"line":35,"column":23}},"15":{"start":{"line":39,"column":4},"end":{"line":39,"column":25}},"16":{"start":{"line":43,"column":20},"end":{"line":43,"column":44}},"17":{"start":{"line":44,"column":4},"end":{"line":44,"column":30}},"18":{"start":{"line":44,"column":18},"end":{"line":44,"column":30}},"19":{"start":{"line":45,"column":4},"end":{"line":45,"column":27}},"20":{"start":{"line":49,"column":20},"end":{"line":49,"column":44}},"21":{"start":{"line":50,"column":4},"end":{"line":52,"column":5}},"22":{"start":{"line":51,"column":6},"end":{"line":51,"column":53}},"23":{"start":{"line":53,"column":4},"end":{"line":53,"column":28}},"24":{"start":{"line":54,"column":4},"end":{"line":54,"column":19}},"25":{"start":{"line":58,"column":20},"end":{"line":58,"column":44}},"26":{"start":{"line":59,"column":4},"end":{"line":59,"column":30}},"27":{"start":{"line":59,"column":18},"end":{"line":59,"column":30}},"28":{"start":{"line":60,"column":4},"end":{"line":60,"column":33}},"29":{"start":{"line":61,"column":4},"end":{"line":61,"column":19}},"30":{"start":{"line":65,"column":26},"end":{"line":65,"column":54}},"31":{"start":{"line":67,"column":4},"end":{"line":67,"column":44}},"32":{"start":{"line":67,"column":32},"end":{"line":67,"column":44}},"33":{"start":{"line":68,"column":31},"end":{"line":68,"column":63}},"34":{"start":{"line":69,"column":4},"end":{"line":69,"column":49}},"35":{"start":{"line":73,"column":24},"end":{"line":73,"column":45}}},"fnMap":{"0":{"name":"(anonymous_0)","decl":{"start":{"line":2,"column":2},"end":{"line":2,"column":3}},"loc":{"start":{"line":2,"column":31},"end":{"line":5,"column":3}},"line":2},"1":{"name":"(anonymous_1)","decl":{"start":{"line":7,"column":2},"end":{"line":7,"column":3}},"loc":{"start":{"line":7,"column":18},"end":{"line":9,"column":3}},"line":7},"2":{"name":"(anonymous_2)","decl":{"start":{"line":11,"column":2},"end":{"line":11,"column":3}},"loc":{"start":{"line":11,"column":23},"end":{"line":13,"column":3}},"line":11},"3":{"name":"(anonymous_3)","decl":{"start":{"line":17,"column":2},"end":{"line":17,"column":3}},"loc":{"start":{"line":17,"column":16},"end":{"line":19,"column":3}},"line":17},"4":{"name":"(anonymous_4)","decl":{"start":{"line":21,"column":2},"end":{"line":21,"column":3}},"loc":{"start":{"line":21,"column":22},"end":{"line":23,"column":3}},"line":21},"5":{"name":"(anonymous_5)","decl":{"start":{"line":22,"column":30},"end":{"line":22,"column":31}},"loc":{"start":{"line":22,"column":43},"end":{"line":22,"column":60}},"line":22},"6":{"name":"(anonymous_6)","decl":{"start":{"line":25,"column":2},"end":{"line":25,"column":3}},"loc":{"start":{"line":25,"column":29},"end":{"line":32,"column":3}},"line":25},"7":{"name":"(anonymous_7)","decl":{"start":{"line":34,"column":2},"end":{"line":34,"column":3}},"loc":{"start":{"line":34,"column":18},"end":{"line":36,"column":3}},"line":34},"8":{"name":"(anonymous_8)","decl":{"start":{"line":38,"column":2},"end":{"line":38,"column":3}},"loc":{"start":{"line":38,"column":17},"end":{"line":40,"column":3}},"line":38},"9":{"name":"(anonymous_9)","decl":{"start":{"line":42,"column":2},"end":{"line":42,"column":3}},"loc":{"start":{"line":42,"column":28},"end":{"line":46,"column":3}},"line":42},"10":{"name":"(anonymous_10)","decl":{"start":{"line":48,"column":2},"end":{"line":48,"column":3}},"loc":{"start":{"line":48,"column":21},"end":{"line":55,"column":3}},"line":48},"11":{"name":"(anonymous_11)","decl":{"start":{"line":57,"column":2},"end":{"line":57,"column":3}},"loc":{"start":{"line":57,"column":22},"end":{"line":62,"column":3}},"line":57},"12":{"name":"(anonymous_12)","decl":{"start":{"line":64,"column":2},"end":{"line":64,"column":3}},"loc":{"start":{"line":64,"column":39},"end":{"line":70,"column":3}},"line":64}},"branchMap":{"0":{"loc":{"start":{"line":28,"column":4},"end":{"line":28,"column":48}},"type":"if","locations":[{"start":{"line":28,"column":4},"end":{"line":28,"column":48}},{"start":{},"end":{}}],"line":28},"1":{"loc":{"start":{"line":44,"column":4},"end":{"line":44,"column":30}},"type":"if","locations":[{"start":{"line":44,"column":4},"end":{"line":44,"column":30}},{"start":{},"end":{}}],"line":44},"2":{"loc":{"start":{"line":50,"column":4},"end":{"line":52,"column":5}},"type":"if","locations":[{"start":{"line":50,"column":4},"end":{"line":52,"column":5}},{"start":{},"end":{}}],"line":50},"3":{"loc":{"start":{"line":59,"column":4},"end":{"line":59,"column":30}},"type":"if","locations":[{"start":{"line":59,"column":4},"end":{"line":59,"column":30}},{"start":{},"end":{}}],"line":59},"4":{"loc":{"start":{"line":67,"column":4},"end":{"line":67,"column":44}},"type":"if","locations":[{"start":{"line":67,"column":4},"end":{"line":67,"column":44}},{"start":{},"end":{}}],"line":67}},"s":{"0":25,"1":25,"2":4,"3":6,"4":4,"5":56,"6":29,"7":24,"8":24,"9":24,"10":1,"11":23,"12":23,"13":23,"14":4,"15":3,"16":9,"17":9,"18":3,"19":6,"20":7,"21":7,"22":4,"23":3,"24":3,"25":11,"26":11,"27":6,"28":5,"29":5,"30":6,"31":6,"32":3,"33":3,"34":3,"35":4},"f":{"0":25,"1":4,"2":6,"3":4,"4":56,"5":29,"6":24,"7":4,"8":3,"9":9,"10":7,"11":11,"12":6},"b":{"0":[1,23],"1":[3,6],"2":[4,3],"3":[6,5],"4":[3,3]},"_coverageSchema":"1a1c01bbd47fc00a2c39e90264f33305004495a9","hash":"1ba0216e5bea98db5fe24927682a8dba4ebcdd7f"}
,"/Users/cass/Estudos/Dev/ebx-api/src/helpers/index.js": {"path":"/Users/cass/Estudos/Dev/ebx-api/src/helpers/index.js","statementMap":{},"fnMap":{},"branchMap":{},"s":{},"f":{},"b":{},"_coverageSchema":"1a1c01bbd47fc00a2c39e90264f33305004495a9","hash":"ef22724a91e372e2618baee1c0a6b7a46c07c472"}
,"/Users/cass/Estudos/Dev/ebx-api/src/routes/index.js": {"path":"/Users/cass/Estudos/Dev/ebx-api/src/routes/index.js","statementMap":{},"fnMap":{},"branchMap":{},"s":{},"f":{},"b":{},"_coverageSchema":"1a1c01bbd47fc00a2c39e90264f33305004495a9","hash":"6316a0bbc92ea0dcbc36ba0b418efdc9db9533c1"}
,"/Users/cass/Estudos/Dev/ebx-api/src/routes/mainRouter.js": {"path":"/Users/cass/Estudos/Dev/ebx-api/src/routes/mainRouter.js","statementMap":{"0":{"start":{"line":5,"column":19},"end":{"line":5,"column":35}},"1":{"start":{"line":7,"column":86},"end":{"line":7,"column":100}},"2":{"start":{"line":9,"column":15},"end":{"line":15,"column":1}},"3":{"start":{"line":17,"column":0},"end":{"line":17,"column":47}}},"fnMap":{},"branchMap":{},"s":{"0":1,"1":1,"2":1,"3":1},"f":{},"b":{},"_coverageSchema":"1a1c01bbd47fc00a2c39e90264f33305004495a9","hash":"bbb3125c0831179a3686eabcdef431a305784383"}
,"/Users/cass/Estudos/Dev/ebx-api/src/utils/index.js": {"path":"/Users/cass/Estudos/Dev/ebx-api/src/utils/index.js","statementMap":{},"fnMap":{},"branchMap":{},"s":{},"f":{},"b":{},"_coverageSchema":"1a1c01bbd47fc00a2c39e90264f33305004495a9","hash":"5182b7a81ace4ce375a47dbaab51050e94f9c139"}
,"/Users/cass/Estudos/Dev/ebx-api/src/utils/routes.js": {"path":"/Users/cass/Estudos/Dev/ebx-api/src/utils/routes.js","statementMap":{"0":{"start":{"line":1,"column":30},"end":{"line":5,"column":1}},"1":{"start":{"line":2,"column":2},"end":{"line":4,"column":5}},"2":{"start":{"line":3,"column":4},"end":{"line":3,"column":37}}},"fnMap":{"0":{"name":"(anonymous_0)","decl":{"start":{"line":1,"column":30},"end":{"line":1,"column":31}},"loc":{"start":{"line":1,"column":50},"end":{"line":5,"column":1}},"line":1},"1":{"name":"(anonymous_1)","decl":{"start":{"line":2,"column":17},"end":{"line":2,"column":18}},"loc":{"start":{"line":2,"column":51},"end":{"line":4,"column":3}},"line":2}},"branchMap":{},"s":{"0":2,"1":3,"2":8},"f":{"0":3,"1":8},"b":{},"_coverageSchema":"1a1c01bbd47fc00a2c39e90264f33305004495a9","hash":"75200a9f89205dfebb58ef3418003c25bda96e94"}
}
