TN:
SF:src/controllers/defaultController.js
FN:1,(anonymous_0)
FNF:1
FNH:1
FNDA:1,(anonymous_0)
DA:1,3
DA:2,1
LF:2
LH:2
BRF:0
BRH:0
end_of_record
TN:
SF:src/controllers/index.js
FNF:0
FNH:0
LF:0
LH:0
BRF:0
BRH:0
end_of_record
TN:
SF:src/controllers/mainController.js
FN:5,(anonymous_0)
FN:9,(anonymous_1)
FN:14,(anonymous_2)
FN:18,(anonymous_3)
FN:31,(anonymous_4)
FN:46,(anonymous_5)
FN:62,(anonymous_6)
FN:80,(anonymous_7)
FNF:8
FNH:8
FNDA:1,(anonymous_0)
FNDA:3,(anonymous_1)
FNDA:2,(anonymous_2)
FNDA:5,(anonymous_3)
FNDA:6,(anonymous_4)
FNDA:6,(anonymous_5)
FNDA:7,(anonymous_6)
FNDA:3,(anonymous_7)
DA:3,3
DA:5,3
DA:6,1
DA:9,3
DA:10,3
DA:11,3
DA:14,3
DA:15,2
DA:18,3
DA:19,5
DA:20,5
DA:21,4
DA:22,4
DA:23,3
DA:24,1
DA:26,1
DA:27,1
DA:31,3
DA:32,6
DA:35,6
DA:36,6
DA:37,5
DA:38,4
DA:39,2
DA:41,2
DA:42,2
DA:46,3
DA:47,6
DA:50,6
DA:51,6
DA:52,5
DA:53,4
DA:54,3
DA:55,1
DA:57,1
DA:58,1
DA:62,3
DA:63,7
DA:66,7
DA:67,7
DA:68,6
DA:69,5
DA:70,4
DA:71,3
DA:72,1
DA:73,1
DA:75,1
DA:76,1
DA:80,3
DA:81,3
DA:84,3
DA:85,3
DA:87,2
DA:93,2
DA:94,2
DA:96,1
DA:98,0
DA:99,0
LF:58
LH:56
BRDA:20,0,0,1
BRDA:20,0,1,4
BRDA:23,1,0,2
BRDA:23,1,1,1
BRDA:26,2,0,1
BRDA:26,2,1,1
BRDA:36,3,0,1
BRDA:36,3,1,5
BRDA:37,4,0,1
BRDA:37,4,1,4
BRDA:41,5,0,2
BRDA:41,5,1,2
BRDA:51,6,0,1
BRDA:51,6,1,5
BRDA:52,7,0,1
BRDA:52,7,1,4
BRDA:54,8,0,2
BRDA:54,8,1,1
BRDA:57,9,0,1
BRDA:57,9,1,1
BRDA:67,10,0,1
BRDA:67,10,1,6
BRDA:68,11,0,1
BRDA:68,11,1,5
BRDA:69,12,0,1
BRDA:69,12,1,4
BRDA:71,13,0,2
BRDA:71,13,1,1
BRDA:75,14,0,1
BRDA:75,14,1,1
BRDA:85,15,0,1
BRDA:85,15,1,2
BRDA:94,16,0,1
BRDA:94,16,1,1
BRDA:98,17,0,0
BRDA:98,17,1,0
BRF:36
BRH:34
end_of_record
TN:
SF:src/helpers/accounts.js
FN:2,(anonymous_0)
FN:7,(anonymous_1)
FN:11,(anonymous_2)
FN:17,(anonymous_3)
FN:21,(anonymous_4)
FN:22,(anonymous_5)
FN:25,(anonymous_6)
FN:34,(anonymous_7)
FN:38,(anonymous_8)
FN:42,(anonymous_9)
FN:48,(anonymous_10)
FN:57,(anonymous_11)
FN:64,(anonymous_12)
FNF:13
FNH:13
FNDA:25,(anonymous_0)
FNDA:4,(anonymous_1)
FNDA:6,(anonymous_2)
FNDA:4,(anonymous_3)
FNDA:56,(anonymous_4)
FNDA:29,(anonymous_5)
FNDA:24,(anonymous_6)
FNDA:4,(anonymous_7)
FNDA:3,(anonymous_8)
FNDA:9,(anonymous_9)
FNDA:7,(anonymous_10)
FNDA:11,(anonymous_11)
FNDA:6,(anonymous_12)
DA:3,25
DA:4,25
DA:8,4
DA:12,6
DA:18,4
DA:22,56
DA:26,24
DA:27,24
DA:28,24
DA:29,23
DA:30,23
DA:31,23
DA:35,4
DA:39,3
DA:43,9
DA:44,9
DA:45,6
DA:49,7
DA:50,7
DA:51,4
DA:53,3
DA:54,3
DA:58,11
DA:59,11
DA:60,5
DA:61,5
DA:65,6
DA:67,6
DA:68,3
DA:69,3
DA:73,4
LF:31
LH:31
BRDA:28,0,0,1
BRDA:28,0,1,23
BRDA:44,1,0,3
BRDA:44,1,1,6
BRDA:50,2,0,4
BRDA:50,2,1,3
BRDA:59,3,0,6
BRDA:59,3,1,5
BRDA:67,4,0,3
BRDA:67,4,1,3
BRF:10
BRH:10
end_of_record
TN:
SF:src/helpers/index.js
FNF:0
FNH:0
LF:0
LH:0
BRF:0
BRH:0
end_of_record
TN:
SF:src/routes/index.js
FNF:0
FNH:0
LF:0
LH:0
BRF:0
BRH:0
end_of_record
TN:
SF:src/routes/mainRouter.js
FNF:0
FNH:0
DA:5,1
DA:7,1
DA:9,1
DA:17,1
LF:4
LH:4
BRF:0
BRH:0
end_of_record
TN:
SF:src/utils/index.js
FNF:0
FNH:0
LF:0
LH:0
BRF:0
BRH:0
end_of_record
TN:
SF:src/utils/routes.js
FN:1,(anonymous_0)
FN:2,(anonymous_1)
FNF:2
FNH:2
FNDA:3,(anonymous_0)
FNDA:8,(anonymous_1)
DA:1,2
DA:2,3
DA:3,8
LF:3
LH:3
BRF:0
BRH:0
end_of_record
