TN:
SF:src/helpers/accounts.js
FN:2,(anonymous_0)
FN:7,(anonymous_1)
FN:11,(anonymous_2)
FN:17,(anonymous_3)
FN:21,(anonymous_4)
FN:22,(anonymous_5)
FN:25,(anonymous_6)
FN:34,(anonymous_7)
FN:38,(anonymous_8)
FN:42,(anonymous_9)
FN:48,(anonymous_10)
FN:57,(anonymous_11)
FN:64,(anonymous_12)
FNF:13
FNH:13
FNDA:16,(anonymous_0)
FNDA:3,(anonymous_1)
FNDA:4,(anonymous_2)
FNDA:1,(anonymous_3)
FNDA:35,(anonymous_4)
FNDA:22,(anonymous_5)
FNDA:15,(anonymous_6)
FNDA:1,(anonymous_7)
FNDA:1,(anonymous_8)
FNDA:6,(anonymous_9)
FNDA:4,(anonymous_10)
FNDA:5,(anonymous_11)
FNDA:3,(anonymous_12)
DA:3,16
DA:4,16
DA:8,3
DA:12,4
DA:18,1
DA:22,35
DA:26,15
DA:27,15
DA:28,15
DA:29,14
DA:30,14
DA:31,14
DA:35,1
DA:39,1
DA:43,6
DA:44,6
DA:45,5
DA:49,4
DA:50,4
DA:51,2
DA:53,2
DA:54,2
DA:58,5
DA:59,5
DA:60,3
DA:61,3
DA:65,3
DA:66,3
DA:67,2
DA:68,2
DA:72,1
LF:31
LH:31
BRDA:28,0,0,1
BRDA:28,0,1,14
BRDA:44,1,0,1
BRDA:44,1,1,5
BRDA:50,2,0,2
BRDA:50,2,1,2
BRDA:59,3,0,2
BRDA:59,3,1,3
BRDA:66,4,0,1
BRDA:66,4,1,2
BRF:10
BRH:10
end_of_record
TN:
SF:src/helpers/index.js
FNF:0
FNH:0
LF:0
LH:0
BRF:0
BRH:0
end_of_record
TN:
SF:src/utils/index.js
FNF:0
FNH:0
LF:0
LH:0
BRF:0
BRH:0
end_of_record
TN:
SF:src/utils/routes.js
FN:1,(anonymous_0)
FN:2,(anonymous_1)
FNF:2
FNH:2
FNDA:2,(anonymous_0)
FNDA:3,(anonymous_1)
DA:1,1
DA:2,2
DA:3,3
LF:3
LH:3
BRF:0
BRH:0
end_of_record
